<?xml version="1.0" encoding="UTF-8"?>
<coverage generated="1768066088975" clover="3.2.0">
  <project timestamp="1768066088975" name="All files">
    <metrics statements="39" coveredstatements="39" conditionals="20" coveredconditionals="19" methods="8" coveredmethods="8" elements="67" coveredelements="66" complexity="0" loc="39" ncloc="39" packages="1" files="1" classes="1"/>
    <file name="SyncProgressScreen.tsx" path="/Users/nikpatel/Documents/GitHub/priority-lens/apps/mobile/src/screens/SyncProgressScreen.tsx">
      <metrics statements="39" coveredstatements="39" conditionals="20" coveredconditionals="19" methods="8" coveredmethods="8"/>
      <line num="13" count="1" type="stmt"/>
      <line num="33" count="49" type="stmt"/>
      <line num="34" count="49" type="stmt"/>
      <line num="35" count="49" type="stmt"/>
      <line num="37" count="49" type="stmt"/>
      <line num="38" count="30" type="stmt"/>
      <line num="39" count="30" type="stmt"/>
      <line num="40" count="28" type="stmt"/>
      <line num="42" count="28" type="cond" truecount="2" falsecount="0"/>
      <line num="43" count="5" type="stmt"/>
      <line num="44" count="5" type="stmt"/>
      <line num="45" count="23" type="cond" truecount="2" falsecount="0"/>
      <line num="46" count="6" type="stmt"/>
      <line num="47" count="6" type="cond" truecount="1" falsecount="1"/>
      <line num="54" count="49" type="stmt"/>
      <line num="56" count="35" type="cond" truecount="2" falsecount="0"/>
      <line num="57" count="11" type="stmt"/>
      <line num="61" count="24" type="stmt"/>
      <line num="64" count="24" type="stmt"/>
      <line num="66" count="24" type="stmt"/>
      <line num="67" count="24" type="stmt"/>
      <line num="71" count="49" type="stmt"/>
      <line num="72" count="42" type="cond" truecount="4" falsecount="0"/>
      <line num="74" count="1" type="stmt"/>
      <line num="76" count="13" type="stmt"/>
      <line num="78" count="5" type="stmt"/>
      <line num="81" count="23" type="stmt"/>
      <line num="85" count="49" type="stmt"/>
      <line num="86" count="42" type="cond" truecount="2" falsecount="0"/>
      <line num="87" count="42" type="stmt"/>
      <line num="89" count="42" type="stmt"/>
      <line num="99" count="49" type="stmt"/>
      <line num="100" count="49" type="cond" truecount="2" falsecount="0"/>
      <line num="101" count="7" type="stmt"/>
      <line num="111" count="1" type="stmt"/>
      <line num="112" count="1" type="stmt"/>
      <line num="122" count="42" type="stmt"/>
      <line num="144" count="49" type="stmt"/>
      <line num="151" count="1" type="stmt"/>
    </file>
  </project>
</coverage>
