{"/Users/nikpatel/Documents/GitHub/priority-lens/apps/mobile/src/screens/SyncProgressScreen.tsx": {"path":"/Users/nikpatel/Documents/GitHub/priority-lens/apps/mobile/src/screens/SyncProgressScreen.tsx","statementMap":{"0":{"start":{"line":13,"column":25},"end":{"line":13,"column":29}},"1":{"start":{"line":33,"column":30},"end":{"line":33,"column":71}},"2":{"start":{"line":34,"column":36},"end":{"line":34,"column":50}},"3":{"start":{"line":35,"column":22},"end":{"line":35,"column":73}},"4":{"start":{"line":37,"column":21},"end":{"line":52,"column":27}},"5":{"start":{"line":38,"column":4},"end":{"line":51,"column":5}},"6":{"start":{"line":39,"column":25},"end":{"line":39,"column":46}},"7":{"start":{"line":40,"column":6},"end":{"line":40,"column":28}},"8":{"start":{"line":42,"column":6},"end":{"line":48,"column":7}},"9":{"start":{"line":43,"column":8},"end":{"line":43,"column":28}},"10":{"start":{"line":44,"column":8},"end":{"line":44,"column":23}},"11":{"start":{"line":45,"column":13},"end":{"line":48,"column":7}},"12":{"start":{"line":46,"column":8},"end":{"line":46,"column":28}},"13":{"start":{"line":47,"column":8},"end":{"line":47,"column":53}},"14":{"start":{"line":54,"column":2},"end":{"line":69,"column":30}},"15":{"start":{"line":56,"column":4},"end":{"line":58,"column":5}},"16":{"start":{"line":57,"column":6},"end":{"line":57,"column":13}},"17":{"start":{"line":61,"column":4},"end":{"line":61,"column":17}},"18":{"start":{"line":64,"column":21},"end":{"line":64,"column":62}},"19":{"start":{"line":66,"column":4},"end":{"line":68,"column":6}},"20":{"start":{"line":67,"column":6},"end":{"line":67,"column":30}},"21":{"start":{"line":71,"column":27},"end":{"line":83,"column":3}},"22":{"start":{"line":72,"column":4},"end":{"line":82,"column":5}},"23":{"start":{"line":74,"column":8},"end":{"line":74,"column":44}},"24":{"start":{"line":76,"column":8},"end":{"line":76,"column":42}},"25":{"start":{"line":78,"column":8},"end":{"line":78,"column":36}},"26":{"start":{"line":81,"column":8},"end":{"line":81,"column":28}},"27":{"start":{"line":85,"column":28},"end":{"line":97,"column":3}},"28":{"start":{"line":86,"column":21},"end":{"line":86,"column":42}},"29":{"start":{"line":87,"column":26},"end":{"line":87,"column":74}},"30":{"start":{"line":89,"column":4},"end":{"line":96,"column":6}},"31":{"start":{"line":99,"column":24},"end":{"line":142,"column":3}},"32":{"start":{"line":100,"column":4},"end":{"line":120,"column":5}},"33":{"start":{"line":101,"column":6},"end":{"line":119,"column":8}},"34":{"start":{"line":111,"column":14},"end":{"line":111,"column":33}},"35":{"start":{"line":112,"column":14},"end":{"line":112,"column":27}},"36":{"start":{"line":122,"column":4},"end":{"line":141,"column":6}},"37":{"start":{"line":144,"column":2},"end":{"line":148,"column":4}},"38":{"start":{"line":151,"column":15},"end":{"line":239,"column":2}}},"fnMap":{"0":{"name":"SyncProgressScreen","decl":{"start":{"line":29,"column":16},"end":{"line":29,"column":34}},"loc":{"start":{"line":32,"column":47},"end":{"line":149,"column":1}},"line":32},"1":{"name":"(anonymous_1)","decl":{"start":{"line":37,"column":33},"end":{"line":37,"column":34}},"loc":{"start":{"line":37,"column":45},"end":{"line":52,"column":3}},"line":37},"2":{"name":"(anonymous_2)","decl":{"start":{"line":54,"column":12},"end":{"line":54,"column":13}},"loc":{"start":{"line":54,"column":18},"end":{"line":69,"column":3}},"line":54},"3":{"name":"(anonymous_3)","decl":{"start":{"line":66,"column":11},"end":{"line":66,"column":12}},"loc":{"start":{"line":66,"column":17},"end":{"line":68,"column":5}},"line":66},"4":{"name":"(anonymous_4)","decl":{"start":{"line":71,"column":27},"end":{"line":71,"column":28}},"loc":{"start":{"line":71,"column":75},"end":{"line":83,"column":3}},"line":71},"5":{"name":"(anonymous_5)","decl":{"start":{"line":85,"column":28},"end":{"line":85,"column":29}},"loc":{"start":{"line":85,"column":53},"end":{"line":97,"column":3}},"line":85},"6":{"name":"(anonymous_6)","decl":{"start":{"line":99,"column":24},"end":{"line":99,"column":25}},"loc":{"start":{"line":99,"column":49},"end":{"line":142,"column":3}},"line":99},"7":{"name":"(anonymous_7)","decl":{"start":{"line":110,"column":21},"end":{"line":110,"column":22}},"loc":{"start":{"line":110,"column":27},"end":{"line":113,"column":13}},"line":110}},"branchMap":{"0":{"loc":{"start":{"line":42,"column":6},"end":{"line":48,"column":7}},"type":"if","locations":[{"start":{"line":42,"column":6},"end":{"line":48,"column":7}},{"start":{"line":45,"column":13},"end":{"line":48,"column":7}}],"line":42},"1":{"loc":{"start":{"line":45,"column":13},"end":{"line":48,"column":7}},"type":"if","locations":[{"start":{"line":45,"column":13},"end":{"line":48,"column":7}},{"start":{},"end":{}}],"line":45},"2":{"loc":{"start":{"line":47,"column":18},"end":{"line":47,"column":51}},"type":"binary-expr","locations":[{"start":{"line":47,"column":18},"end":{"line":47,"column":34}},{"start":{"line":47,"column":38},"end":{"line":47,"column":51}}],"line":47},"3":{"loc":{"start":{"line":56,"column":4},"end":{"line":58,"column":5}},"type":"if","locations":[{"start":{"line":56,"column":4},"end":{"line":58,"column":5}},{"start":{},"end":{}}],"line":56},"4":{"loc":{"start":{"line":72,"column":4},"end":{"line":82,"column":5}},"type":"switch","locations":[{"start":{"line":73,"column":6},"end":{"line":74,"column":44}},{"start":{"line":75,"column":6},"end":{"line":76,"column":42}},{"start":{"line":77,"column":6},"end":{"line":78,"column":36}},{"start":{"line":79,"column":6},"end":{"line":81,"column":28}}],"line":72},"5":{"loc":{"start":{"line":86,"column":21},"end":{"line":86,"column":42}},"type":"binary-expr","locations":[{"start":{"line":86,"column":21},"end":{"line":86,"column":37}},{"start":{"line":86,"column":41},"end":{"line":86,"column":42}}],"line":86},"6":{"loc":{"start":{"line":100,"column":4},"end":{"line":120,"column":5}},"type":"if","locations":[{"start":{"line":100,"column":4},"end":{"line":120,"column":5}},{"start":{},"end":{}}],"line":100},"7":{"loc":{"start":{"line":106,"column":13},"end":{"line":106,"column":59}},"type":"binary-expr","locations":[{"start":{"line":106,"column":13},"end":{"line":106,"column":25}},{"start":{"line":106,"column":29},"end":{"line":106,"column":59}}],"line":106},"8":{"loc":{"start":{"line":134,"column":11},"end":{"line":134,"column":37}},"type":"binary-expr","locations":[{"start":{"line":134,"column":11},"end":{"line":134,"column":32}},{"start":{"line":134,"column":36},"end":{"line":134,"column":37}}],"line":134}},"s":{"0":1,"1":49,"2":49,"3":49,"4":49,"5":30,"6":30,"7":28,"8":28,"9":5,"10":5,"11":23,"12":6,"13":6,"14":49,"15":35,"16":11,"17":24,"18":24,"19":24,"20":24,"21":49,"22":42,"23":1,"24":13,"25":5,"26":23,"27":49,"28":42,"29":42,"30":42,"31":49,"32":49,"33":7,"34":1,"35":1,"36":42,"37":49,"38":1},"f":{"0":49,"1":30,"2":35,"3":24,"4":42,"5":42,"6":49,"7":1},"b":{"0":[5,23],"1":[6,17],"2":[2,0],"3":[11,24],"4":[1,13,5,23],"5":[42,23],"6":[7,42],"7":[7,1],"8":[42,23]},"_coverageSchema":"1a1c01bbd47fc00a2c39e90264f33305004495a9","hash":"24f3e252c60b0094332c689736d1ba55234454e3"}
}
