TN:
SF:src/screens/SyncProgressScreen.tsx
FN:29,SyncProgressScreen
FN:37,(anonymous_1)
FN:54,(anonymous_2)
FN:66,(anonymous_3)
FN:71,(anonymous_4)
FN:85,(anonymous_5)
FN:99,(anonymous_6)
FN:110,(anonymous_7)
FNF:8
FNH:8
FNDA:49,SyncProgressScreen
FNDA:30,(anonymous_1)
FNDA:35,(anonymous_2)
FNDA:24,(anonymous_3)
FNDA:42,(anonymous_4)
FNDA:42,(anonymous_5)
FNDA:49,(anonymous_6)
FNDA:1,(anonymous_7)
DA:13,1
DA:33,49
DA:34,49
DA:35,49
DA:37,49
DA:38,30
DA:39,30
DA:40,28
DA:42,28
DA:43,5
DA:44,5
DA:45,23
DA:46,6
DA:47,6
DA:54,49
DA:56,35
DA:57,11
DA:61,24
DA:64,24
DA:66,24
DA:67,24
DA:71,49
DA:72,42
DA:74,1
DA:76,13
DA:78,5
DA:81,23
DA:85,49
DA:86,42
DA:87,42
DA:89,42
DA:99,49
DA:100,49
DA:101,7
DA:111,1
DA:112,1
DA:122,42
DA:144,49
DA:151,1
LF:39
LH:39
BRDA:42,0,0,5
BRDA:42,0,1,23
BRDA:45,1,0,6
BRDA:45,1,1,17
BRDA:47,2,0,2
BRDA:47,2,1,0
BRDA:56,3,0,11
BRDA:56,3,1,24
BRDA:72,4,0,1
BRDA:72,4,1,13
BRDA:72,4,2,5
BRDA:72,4,3,23
BRDA:86,5,0,42
BRDA:86,5,1,23
BRDA:100,6,0,7
BRDA:100,6,1,42
BRDA:106,7,0,7
BRDA:106,7,1,1
BRDA:134,8,0,42
BRDA:134,8,1,23
BRF:20
BRH:19
end_of_record
